2020/08/25-09:20 [main] INFO  com.cobra.proxy.IamGitlabSsoProxyApplicationTests- Starting IamGitlabSsoProxyApplicationTests on DESKTOP-2T5I8KC with PID 13164 (started by t480 in D:\work\ideaProject\iam-universal-sso-proxy)
2020/08/25-09:20 [main] INFO  com.cobra.proxy.IamGitlabSsoProxyApplicationTests- The following profiles are active: dev
2020/08/25-09:20 [main] INFO  springfox.documentation.spring.web.PropertySourcedRequestMappingHandlerMapping- Mapped URL path [/v2/api-docs] onto method [springfox.documentation.swagger2.web.Swagger2Controller#getDocumentation(String, HttpServletRequest)]
2020/08/25-09:20 [main] INFO  org.springframework.scheduling.concurrent.ThreadPoolTaskExecutor- Initializing ExecutorService 'applicationTaskExecutor'
2020/08/25-09:20 [main] INFO  springfox.documentation.spring.web.plugins.DocumentationPluginsBootstrapper- Context refreshed
2020/08/25-09:20 [main] INFO  springfox.documentation.spring.web.plugins.DocumentationPluginsBootstrapper- Found 1 custom documentation plugin(s)
2020/08/25-09:20 [main] INFO  springfox.documentation.spring.web.scanners.ApiListingReferenceScanner- Scanning for api listing references
2020/08/25-09:20 [main] INFO  com.cobra.proxy.IamGitlabSsoProxyApplicationTests- Started IamGitlabSsoProxyApplicationTests in 4.31 seconds (JVM running for 5.98)
2020/08/25-09:20 [SpringContextShutdownHook] INFO  org.springframework.scheduling.concurrent.ThreadPoolTaskExecutor- Shutting down ExecutorService 'applicationTaskExecutor'
2020/08/25-09:21 [main] INFO  com.cobra.proxy.IamKubesphereSsoProxyApplication- Starting IamKubesphereSsoProxyApplication on DESKTOP-2T5I8KC with PID 20584 (D:\work\ideaProject\iam-universal-sso-proxy\target\classes started by t480 in D:\work\ideaProject\iam-universal-sso-proxy)
2020/08/25-09:21 [main] INFO  com.cobra.proxy.IamKubesphereSsoProxyApplication- The following profiles are active: dev
2020/08/25-09:21 [main] INFO  org.springframework.boot.web.embedded.tomcat.TomcatWebServer- Tomcat initialized with port(s): 30999 (http)
2020/08/25-09:21 [main] INFO  org.apache.catalina.core.StandardService- Starting service [Tomcat]
2020/08/25-09:21 [main] INFO  org.apache.catalina.core.StandardEngine- Starting Servlet engine: [Apache Tomcat/9.0.29]
2020/08/25-09:21 [main] INFO  org.apache.catalina.core.AprLifecycleListener- Loaded APR based Apache Tomcat Native library [1.2.24] using APR version [1.7.0].
2020/08/25-09:21 [main] INFO  org.apache.catalina.core.AprLifecycleListener- APR capabilities: IPv6 [true], sendfile [true], accept filters [false], random [true].
2020/08/25-09:21 [main] INFO  org.apache.catalina.core.AprLifecycleListener- APR/OpenSSL configuration: useAprConnector [false], useOpenSSL [true]
2020/08/25-09:21 [main] INFO  org.apache.catalina.core.AprLifecycleListener- OpenSSL successfully initialized [OpenSSL 1.1.1g  21 Apr 2020]
2020/08/25-09:21 [main] INFO  org.apache.catalina.core.ContainerBase.[Tomcat].[localhost].[/]- Initializing Spring embedded WebApplicationContext
2020/08/25-09:21 [main] INFO  org.springframework.web.context.ContextLoader- Root WebApplicationContext: initialization completed in 1267 ms
2020/08/25-09:21 [main] INFO  springfox.documentation.spring.web.PropertySourcedRequestMappingHandlerMapping- Mapped URL path [/v2/api-docs] onto method [springfox.documentation.swagger2.web.Swagger2Controller#getDocumentation(String, HttpServletRequest)]
2020/08/25-09:21 [main] INFO  org.springframework.scheduling.concurrent.ThreadPoolTaskExecutor- Initializing ExecutorService 'applicationTaskExecutor'
2020/08/25-09:21 [main] INFO  springfox.documentation.spring.web.plugins.DocumentationPluginsBootstrapper- Context refreshed
2020/08/25-09:21 [main] INFO  springfox.documentation.spring.web.plugins.DocumentationPluginsBootstrapper- Found 1 custom documentation plugin(s)
2020/08/25-09:21 [main] INFO  springfox.documentation.spring.web.scanners.ApiListingReferenceScanner- Scanning for api listing references
2020/08/25-09:21 [main] INFO  org.springframework.boot.web.embedded.tomcat.TomcatWebServer- Tomcat started on port(s): 30999 (http) with context path ''
2020/08/25-09:21 [main] INFO  com.cobra.proxy.IamKubesphereSsoProxyApplication- Started IamKubesphereSsoProxyApplication in 2.404 seconds (JVM running for 3.945)
